Arguments: 
  C:\Program Files\nodejs\node.exe C:\Users\Dara\AppData\Roaming\npm\node_modules\yarn\bin\yarn.js add react-point

PATH: 
  C:\Program Files\Git\mingw64\bin;C:\Program Files\Git\usr\bin;C:\Users\Dara\bin;C:\Program Files\Common Files\Oracle\Java\javapath;C:\Program Files (x86)\Common Files\Oracle\Java\javapath;C:\Python38\Scripts;C:\Python38;C:\Windows\system32;C:\Windows;C:\Windows\System32\Wbem;C:\Windows\System32\WindowsPowerShell\v1.0;C:\Windows\System32\OpenSSH;C:\Program Files (x86)\Intel\Intel(R) Management Engine Components\DAL;C:\Program Files\Intel\Intel(R) Management Engine Components\DAL;C:\Program Files\PowerShell\7;C:\ProgramData\chocolatey\bin;C:\tools\php74;C:\ProgramData\ComposerSetup\bin;C:\Program Files\nodejs;C:\Program Files\Docker\Docker\resources\bin;C:\ProgramData\DockerDesktop\version-bin;C:\Program Files\Git\cmd;C:\Program Files\MySQL\MySQL Shell 8.0\bin;C:\Users\Dara\AppData\Local\Microsoft\WindowsApps;C:\Users\Dara\AppData\Roaming\Composer\vendor\bin;C:\Users\Dara\AppData\Local\Programs\Microsoft VS Code\bin;C:\xampp\php;C:\Users\Dara\AppData\Roaming\npm;C:\xampp\mysql\bin\mysqld.exe;C:\Program Files\JetBrains\PhpStorm 2020.1.2\bin;C:\src\flutter\bin;C:\Program Files\Java\jdk-15\bin;C:\Program Files\JetBrains\IntelliJ IDEA Community Edition 2020.2.3\bin

Yarn version: 
  1.22.10

Node version: 
  12.16.3

Platform: 
  win32 x64

Trace: 
  Error: EPERM: operation not permitted, unlink 'C:\Users\Dara\Desktop\Software engineer\calculator-FE\node_modules\@babel\plugin-transform-react-constant-elements\lib'

npm manifest: 
  {
    "name": "kashio",
    "version": "0.1.0",
    "private": true,
    "dependencies": {
      "@testing-library/jest-dom": "^5.11.9",
      "@testing-library/react": "^11.2.3",
      "@testing-library/user-event": "^12.6.0",
      "react": "^17.0.1",
      "react-dom": "^17.0.1",
      "react-icons": "^4.1.0",
      "react-point": "^3.0.1",
      "react-router-dom": "^5.2.0",
      "react-scripts": "4.0.1",
      "web-vitals": "^0.2.4"
    },
    "scripts": {
      "start": "react-scripts start",
      "build": "react-scripts build",
      "test": "react-scripts test",
      "eject": "react-scripts eject"
    },
    "eslintConfig": {
      "extends": [
        "react-app",
        "react-app/jest"
      ]
    },
    "browserslist": {
      "production": [
        ">0.2%",
        "not dead",
        "not op_mini all"
      ],
      "development": [
        "last 1 chrome version",
        "last 1 firefox version",
        "last 1 safari version"
      ]
    }
  }

yarn manifest: 
  No manifest

Lockfile: 
  No lockfile
